<?xml version="1.0" encoding="UTF-8"?>
<trace:TraceModel xmi:version="2.0" xmlns:xmi="http://www.omg.org/XMI" xmlns:trace="http://www.eclipse.org/gmf/2006/Trace">
  <nodeTraces visualID="2003" queryText="(let _eClass_:ecore::EClass = modelFacet.metaClass.ecoreClass in _eClass_.ePackage.nsURI = 'http://kieler.cs.cau.de/Graphs' and _eClass_.name = 'Node') and (let _containmentMF_:ecore::EStructuralFeature = modelFacet.containmentMetaFeature.ecoreFeature in (let _eClass_:ecore::EClass = _containmentMF_.eContainingClass in _eClass_.ePackage.nsURI = 'http://kieler.cs.cau.de/Graphs' and _eClass_.name = 'Graph') and _containmentMF_.name = 'nodes')">
    <nodeLabelTraces visualID="5005" queryText="true"/>
  </nodeTraces>
  <nodeTraces visualID="2004" queryText="(let _eClass_:ecore::EClass = modelFacet.metaClass.ecoreClass in _eClass_.ePackage.nsURI = 'http://kieler.cs.cau.de/Graphs' and _eClass_.name = 'CompoundNode') and (let _containmentMF_:ecore::EStructuralFeature = modelFacet.containmentMetaFeature.ecoreFeature in (let _eClass_:ecore::EClass = _containmentMF_.eContainingClass in _eClass_.ePackage.nsURI = 'http://kieler.cs.cau.de/Graphs' and _eClass_.name = 'Graph') and _containmentMF_.name = 'nodes')">
    <nodeLabelTraces visualID="5008" queryText="true"/>
    <compartmentTraces visualID="7003" queryText="true"/>
  </nodeTraces>
  <childNodeTraces visualID="3003" queryText="(let _eClass_:ecore::EClass = modelFacet.metaClass.ecoreClass in _eClass_.ePackage.nsURI = 'http://kieler.cs.cau.de/Graphs' and _eClass_.name = 'Node') and (let _containmentMF_:ecore::EStructuralFeature = modelFacet.containmentMetaFeature.ecoreFeature in (let _eClass_:ecore::EClass = _containmentMF_.eContainingClass in _eClass_.ePackage.nsURI = 'http://kieler.cs.cau.de/Graphs' and _eClass_.name = 'Graph') and _containmentMF_.name = 'nodes')">
    <nodeLabelTraces visualID="5006" queryText="true"/>
  </childNodeTraces>
  <childNodeTraces visualID="3004" queryText="(let _eClass_:ecore::EClass = modelFacet.metaClass.ecoreClass in _eClass_.ePackage.nsURI = 'http://kieler.cs.cau.de/Graphs' and _eClass_.name = 'CompoundNode') and (let _containmentMF_:ecore::EStructuralFeature = modelFacet.containmentMetaFeature.ecoreFeature in (let _eClass_:ecore::EClass = _containmentMF_.eContainingClass in _eClass_.ePackage.nsURI = 'http://kieler.cs.cau.de/Graphs' and _eClass_.name = 'Graph') and _containmentMF_.name = 'nodes')">
    <nodeLabelTraces visualID="5007" queryText="true"/>
    <compartmentTraces visualID="7004" queryText="true"/>
  </childNodeTraces>
  <linkTraces visualID="4002" queryText="modelFacet.oclIsKindOf(gmfgen::TypeLinkModelFacet) and (let _eClass_:ecore::EClass = modelFacet.oclAsType(gmfgen::TypeLinkModelFacet).metaClass.ecoreClass in _eClass_.ePackage.nsURI = 'http://kieler.cs.cau.de/Graphs' and _eClass_.name = 'Edge')">
    <linkLabelTraces visualID="6002" queryText="true"/>
  </linkTraces>
</trace:TraceModel>
